23:31:15.420 [main] INFO  api.test.UserTests - Creating User
23:31:18.635 [main] INFO  api.test.UserTests - User is created
23:31:20.013 [main] INFO  api.test.UserTests -  User ifo is displayed
23:31:20.016 [main] INFO  api.test.UserTests - Updating  User
23:31:23.867 [main] INFO  api.test.UserTests - Delete User
23:55:44.016 [main] INFO  api.test.UserTests - Creating User
23:55:47.166 [main] INFO  api.test.UserTests - User is created
23:55:48.495 [main] INFO  api.test.UserTests -  User ifo is displayed
23:55:48.498 [main] INFO  api.test.UserTests - Updating  User
23:55:52.398 [main] INFO  api.test.UserTests - Delete User
23:55:53.717 [main] DEBUG api.test.UserTests2 - debugging.....
23:55:53.718 [main] INFO  api.test.UserTests2 - ********** Creating user  ***************
23:55:55.028 [main] INFO  api.test.UserTests2 - **********User is creatged  ***************
23:55:55.030 [main] INFO  api.test.UserTests2 - ********** Reading User Info ***************
23:55:56.301 [main] INFO  api.test.UserTests2 - **********User info  is displayed ***************
23:55:56.302 [main] INFO  api.test.UserTests2 - ********** Updating User ***************
23:55:57.583 [main] INFO  api.test.UserTests2 - ********** User updated ***************
23:55:58.844 [main] INFO  api.test.UserTests2 - **********   Deleting User  ***************
23:56:00.139 [main] INFO  api.test.UserTests2 - ********** User deleted ***************
00:38:35.769 [main] INFO  api.test.UserTests - Creating User
00:38:38.633 [main] INFO  api.test.UserTests - User is created
00:38:39.971 [main] INFO  api.test.UserTests -  User ifo is displayed
00:38:39.973 [main] INFO  api.test.UserTests - Updating  User
00:38:43.849 [main] INFO  api.test.UserTests - Delete User
00:38:45.203 [main] DEBUG api.test.UserTests2 - debugging.....
00:38:45.203 [main] INFO  api.test.UserTests2 - ********** Creating user  ***************
00:38:46.549 [main] INFO  api.test.UserTests2 - **********User is creatged  ***************
00:38:46.550 [main] INFO  api.test.UserTests2 - ********** Reading User Info ***************
00:38:47.887 [main] INFO  api.test.UserTests2 - **********User info  is displayed ***************
00:38:47.889 [main] INFO  api.test.UserTests2 - ********** Updating User ***************
00:38:49.192 [main] INFO  api.test.UserTests2 - ********** User updated ***************
00:38:50.521 [main] INFO  api.test.UserTests2 - **********   Deleting User  ***************
00:38:51.835 [main] INFO  api.test.UserTests2 - ********** User deleted ***************
00:45:19.775 [main] INFO  api.test.UserTests - Creating User
00:45:22.817 [main] INFO  api.test.UserTests - User is created
00:45:24.268 [main] INFO  api.test.UserTests -  User ifo is displayed
00:45:24.271 [main] INFO  api.test.UserTests - Updating  User
00:45:28.272 [main] INFO  api.test.UserTests - Delete User
00:45:29.617 [main] DEBUG api.test.UserTests2 - debugging.....
00:45:29.617 [main] INFO  api.test.UserTests2 - ********** Creating user  ***************
00:45:30.934 [main] INFO  api.test.UserTests2 - **********User is creatged  ***************
00:45:30.937 [main] INFO  api.test.UserTests2 - ********** Reading User Info ***************
00:45:32.268 [main] INFO  api.test.UserTests2 - **********User info  is displayed ***************
00:45:32.270 [main] INFO  api.test.UserTests2 - ********** Updating User ***************
00:45:33.582 [main] INFO  api.test.UserTests2 - ********** User updated ***************
00:45:34.847 [main] INFO  api.test.UserTests2 - **********   Deleting User  ***************
00:45:36.088 [main] INFO  api.test.UserTests2 - ********** User deleted ***************
